Edit Log for A9L2.bin created by TunerPro.
**************************************************************************
06/09/2017 21:49:20  Function:  MAF Transfer - kg/hr - FN036 changed.
06/18/2017 14:22:06  Scalar:    Injector Low Slope - ALOSL - [lbs/hr] changed from 26.100 lb/hr (0x3B64) to 63.188 lb/hr (0x8FC9).
06/18/2017 14:22:45  Scalar:    Injector High Slope - AHISL - [lbs/hr] changed from 19.201 lb/hr (0x2BB1) to 60.268 lb/hr (0x8924).
06/18/2017 14:29:47  Scalar:    Injector Low Slope - ALOSL - [lbs/hr] changed from 26.100 lb/hr (0x3B64) to 63.188 lb/hr (0x8FC9).
06/18/2017 14:30:26  Scalar:    Injector High Slope - AHISL - [lbs/hr] changed from 19.201 lb/hr (0x2BB1) to 60.268 lb/hr (0x8924).
06/20/2017 21:59:43  Function:  Injector Breakpoint - FN389 / FUEL_BKPT (lbs/rev) changed.
06/20/2017 22:17:31  Function:  Injector Breakpoint - FN389 / FUEL_BKPT (lbs/rev) changed.
06/20/2017 22:22:18  Function:  Injector Breakpoint - FN389 / FUEL_BKPT (lbs/rev) changed.
06/20/2017 22:22:41  Function:  Injector Breakpoint - FN389 / FUEL_BKPT (lbs/rev) changed.
06/20/2017 22:23:05  Function:  Injector Breakpoint - FN389 / FUEL_BKPT (lbs/rev) changed.
06/20/2017 22:24:29  Function:  Injector Breakpoint - FN389 / FUEL_BKPT (lbs/rev) changed.
06/20/2017 22:25:26  Function:  Injector Breakpoint - FN389 / FUEL_BKPT (lbs/rev) changed.
06/20/2017 22:25:48  Function:  Injector Breakpoint - FN389 / FUEL_BKPT (lbs/rev) changed.
06/20/2017 22:46:28  Function:  Injector Breakpoint - FN389 / FUEL_BKPT (lbs/rev) changed.
06/20/2017 22:48:16  Function:  Injector Breakpoint - FN389 / FUEL_BKPT (lbs/rev) changed.
06/20/2017 23:00:28  Function:  Injector Offset - FN367 changed.
06/23/2017 17:46:59  Patch:     Enable Datalogging Patch Code changed.
06/23/2017 18:47:13  Patch:     Enable Datalogging Patch Code changed.
06/23/2017 20:22:51  Flag:      Perload Switch - PRLDSW changed from Not Set to Set..
06/23/2017 20:23:08  Flag:      Perload Switch - PRLDSW changed from Set to Not Set..
06/23/2017 20:23:36  Flag:      Perload Switch - PRLDSW changed from Not Set to Not Set..
06/24/2017 19:54:52  Function:  Crank PW ECT Modifier - FN348 changed.
